{"timestamp":"2021-07-25T03:10:39.351Z","appMessage":"Starting Application using Java 1.8.0_202 on Officeroom with PID 9032 (C:\\Users\\Officeroom\\JavaProj\\sb-aslan-kafka-template\\target\\classes started by Officeroom in C:\\Users\\Officeroom\\JavaProj\\sb-aslan-kafka-template)","class":"com.aslan.kafka.Application","thread":"restartedMain","level":"INFO","appName":"sb-aslan-kafka-template","appCode":"RRRR"}
{"timestamp":"2021-07-25T03:10:39.369Z","appMessage":"The following profiles are active: local","class":"com.aslan.kafka.Application","thread":"restartedMain","level":"INFO","appName":"sb-aslan-kafka-template","appCode":"RRRR"}
{"timestamp":"2021-07-25T03:10:39.433Z","appMessage":"Devtools property defaults active! Set 'spring.devtools.add-properties' to 'false' to disable","class":"org.springframework.boot.devtools.env.DevToolsPropertyDefaultsPostProcessor","thread":"restartedMain","level":"INFO","appName":"sb-aslan-kafka-template","appCode":"RRRR"}
{"timestamp":"2021-07-25T03:10:39.434Z","appMessage":"For additional web related logging consider setting the 'logging.level.web' property to 'DEBUG'","class":"org.springframework.boot.devtools.env.DevToolsPropertyDefaultsPostProcessor","thread":"restartedMain","level":"INFO","appName":"sb-aslan-kafka-template","appCode":"RRRR"}
{"timestamp":"2021-07-25T03:10:41.269Z","appMessage":"Tomcat initialized with port(s): 8080 (http)","class":"org.springframework.boot.web.embedded.tomcat.TomcatWebServer","thread":"restartedMain","level":"INFO","appName":"sb-aslan-kafka-template","appCode":"RRRR"}
{"timestamp":"2021-07-25T03:10:41.279Z","appMessage":"Initializing ProtocolHandler [\"http-nio-8080\"]","class":"org.apache.coyote.http11.Http11NioProtocol","thread":"restartedMain","level":"INFO","appName":"sb-aslan-kafka-template","appCode":"RRRR"}
{"timestamp":"2021-07-25T03:10:41.281Z","appMessage":"Starting service [Tomcat]","class":"org.apache.catalina.core.StandardService","thread":"restartedMain","level":"INFO","appName":"sb-aslan-kafka-template","appCode":"RRRR"}
{"timestamp":"2021-07-25T03:10:41.282Z","appMessage":"Starting Servlet engine: [Apache Tomcat/9.0.48]","class":"org.apache.catalina.core.StandardEngine","thread":"restartedMain","level":"INFO","appName":"sb-aslan-kafka-template","appCode":"RRRR"}
{"timestamp":"2021-07-25T03:10:41.458Z","appMessage":"Initializing Spring embedded WebApplicationContext","class":"org.apache.catalina.core.ContainerBase.[Tomcat].[localhost].[/]","thread":"restartedMain","level":"INFO","appName":"sb-aslan-kafka-template","appCode":"RRRR"}
{"timestamp":"2021-07-25T03:10:41.459Z","appMessage":"Root WebApplicationContext: initialization completed in 2024 ms","class":"org.springframework.boot.web.servlet.context.ServletWebServerApplicationContext","thread":"restartedMain","level":"INFO","appName":"sb-aslan-kafka-template","appCode":"RRRR"}
{"timestamp":"2021-07-25T03:10:42.182Z","appMessage":"Cannot find template location: classpath:/templates/ (please add some templates, check your Mustache configuration, or set spring.mustache.check-template-location=false)","class":"org.springframework.boot.autoconfigure.mustache.MustacheAutoConfiguration","thread":"restartedMain","level":"WARN","appName":"sb-aslan-kafka-template","appCode":"RRRR"}
{"timestamp":"2021-07-25T03:10:42.219Z","appMessage":"Cannot find template location: classpath:/templates/ (please add some templates or check your Thymeleaf configuration)","class":"org.springframework.boot.autoconfigure.thymeleaf.ThymeleafAutoConfiguration$DefaultTemplateResolverConfiguration","thread":"restartedMain","level":"WARN","appName":"sb-aslan-kafka-template","appCode":"RRRR"}
{"timestamp":"2021-07-25T03:10:42.488Z","appMessage":"LiveReload server is running on port 35729","class":"org.springframework.boot.devtools.autoconfigure.OptionalLiveReloadServer","thread":"restartedMain","level":"INFO","appName":"sb-aslan-kafka-template","appCode":"RRRR"}
{"timestamp":"2021-07-25T03:10:42.497Z","appMessage":"Exposing 13 endpoint(s) beneath base path ''","class":"org.springframework.boot.actuate.endpoint.web.EndpointLinksResolver","thread":"restartedMain","level":"INFO","appName":"sb-aslan-kafka-template","appCode":"RRRR"}
{"timestamp":"2021-07-25T03:10:42.533Z","appMessage":"Starting ProtocolHandler [\"http-nio-8080\"]","class":"org.apache.coyote.http11.Http11NioProtocol","thread":"restartedMain","level":"INFO","appName":"sb-aslan-kafka-template","appCode":"RRRR"}
{"timestamp":"2021-07-25T03:10:42.571Z","appMessage":"Tomcat started on port(s): 8080 (http) with context path ''","class":"org.springframework.boot.web.embedded.tomcat.TomcatWebServer","thread":"restartedMain","level":"INFO","appName":"sb-aslan-kafka-template","appCode":"RRRR"}
{"timestamp":"2021-07-25T03:10:42.594Z","appMessage":"Started Application in 4.737 seconds (JVM running for 5.714)","class":"com.aslan.kafka.Application","thread":"restartedMain","level":"INFO","appName":"sb-aslan-kafka-template","appCode":"RRRR"}
{"timestamp":"2021-07-25T03:20:11.373Z","appMessage":"Starting Application using Java 1.8.0_202 on Officeroom with PID 9032 (C:\\Users\\Officeroom\\JavaProj\\sb-aslan-kafka-template\\target\\classes started by Officeroom in C:\\Users\\Officeroom\\JavaProj\\sb-aslan-kafka-template)","class":"com.aslan.kafka.Application","thread":"restartedMain","level":"INFO","appName":"sb-aslan-kafka-template","appCode":"RRRR"}
{"timestamp":"2021-07-25T03:20:11.374Z","appMessage":"The following profiles are active: local","class":"com.aslan.kafka.Application","thread":"restartedMain","level":"INFO","appName":"sb-aslan-kafka-template","appCode":"RRRR"}
{"timestamp":"2021-07-25T03:20:11.988Z","appMessage":"Tomcat initialized with port(s): 8080 (http)","class":"org.springframework.boot.web.embedded.tomcat.TomcatWebServer","thread":"restartedMain","level":"INFO","appName":"sb-aslan-kafka-template","appCode":"RRRR"}
{"timestamp":"2021-07-25T03:20:11.989Z","appMessage":"Initializing ProtocolHandler [\"http-nio-8080\"]","class":"org.apache.coyote.http11.Http11NioProtocol","thread":"restartedMain","level":"INFO","appName":"sb-aslan-kafka-template","appCode":"RRRR"}
{"timestamp":"2021-07-25T03:20:11.990Z","appMessage":"Starting service [Tomcat]","class":"org.apache.catalina.core.StandardService","thread":"restartedMain","level":"INFO","appName":"sb-aslan-kafka-template","appCode":"RRRR"}
{"timestamp":"2021-07-25T03:20:11.991Z","appMessage":"Starting Servlet engine: [Apache Tomcat/9.0.48]","class":"org.apache.catalina.core.StandardEngine","thread":"restartedMain","level":"INFO","appName":"sb-aslan-kafka-template","appCode":"RRRR"}
{"timestamp":"2021-07-25T03:20:12.031Z","appMessage":"Initializing Spring embedded WebApplicationContext","class":"org.apache.catalina.core.ContainerBase.[Tomcat].[localhost].[/]","thread":"restartedMain","level":"INFO","appName":"sb-aslan-kafka-template","appCode":"RRRR"}
{"timestamp":"2021-07-25T03:20:12.032Z","appMessage":"Root WebApplicationContext: initialization completed in 653 ms","class":"org.springframework.boot.web.servlet.context.ServletWebServerApplicationContext","thread":"restartedMain","level":"INFO","appName":"sb-aslan-kafka-template","appCode":"RRRR"}
{"timestamp":"2021-07-25T03:20:12.212Z","appMessage":"Cannot find template location: classpath:/mustache (please add some templates, check your Mustache configuration, or set spring.mustache.check-template-location=false)","class":"org.springframework.boot.autoconfigure.mustache.MustacheAutoConfiguration","thread":"restartedMain","level":"WARN","appName":"sb-aslan-kafka-template","appCode":"RRRR"}
{"timestamp":"2021-07-25T03:20:12.221Z","appMessage":"Cannot find template location: classpath:/templates/ (please add some templates or check your Thymeleaf configuration)","class":"org.springframework.boot.autoconfigure.thymeleaf.ThymeleafAutoConfiguration$DefaultTemplateResolverConfiguration","thread":"restartedMain","level":"WARN","appName":"sb-aslan-kafka-template","appCode":"RRRR"}
{"timestamp":"2021-07-25T03:20:12.311Z","appMessage":"LiveReload server is running on port 35729","class":"org.springframework.boot.devtools.autoconfigure.OptionalLiveReloadServer","thread":"restartedMain","level":"INFO","appName":"sb-aslan-kafka-template","appCode":"RRRR"}
{"timestamp":"2021-07-25T03:20:12.317Z","appMessage":"Exposing 13 endpoint(s) beneath base path ''","class":"org.springframework.boot.actuate.endpoint.web.EndpointLinksResolver","thread":"restartedMain","level":"INFO","appName":"sb-aslan-kafka-template","appCode":"RRRR"}
{"timestamp":"2021-07-25T03:20:12.339Z","appMessage":"Starting ProtocolHandler [\"http-nio-8080\"]","class":"org.apache.coyote.http11.Http11NioProtocol","thread":"restartedMain","level":"INFO","appName":"sb-aslan-kafka-template","appCode":"RRRR"}
{"timestamp":"2021-07-25T03:20:12.343Z","appMessage":"Tomcat started on port(s): 8080 (http) with context path ''","class":"org.springframework.boot.web.embedded.tomcat.TomcatWebServer","thread":"restartedMain","level":"INFO","appName":"sb-aslan-kafka-template","appCode":"RRRR"}
{"timestamp":"2021-07-25T03:20:12.360Z","appMessage":"Started Application in 1.078 seconds (JVM running for 575.48)","class":"com.aslan.kafka.Application","thread":"restartedMain","level":"INFO","appName":"sb-aslan-kafka-template","appCode":"RRRR"}
{"timestamp":"2021-07-25T03:21:04.111Z","appMessage":"Starting Application using Java 1.8.0_202 on Officeroom with PID 9032 (C:\\Users\\Officeroom\\JavaProj\\sb-aslan-kafka-template\\target\\classes started by Officeroom in C:\\Users\\Officeroom\\JavaProj\\sb-aslan-kafka-template)","class":"com.aslan.kafka.Application","thread":"restartedMain","level":"INFO","appName":"sb-aslan-kafka-template","appCode":"RRRR"}
{"timestamp":"2021-07-25T03:21:04.112Z","appMessage":"The following profiles are active: local","class":"com.aslan.kafka.Application","thread":"restartedMain","level":"INFO","appName":"sb-aslan-kafka-template","appCode":"RRRR"}
{"timestamp":"2021-07-25T03:21:04.713Z","appMessage":"Tomcat initialized with port(s): 8080 (http)","class":"org.springframework.boot.web.embedded.tomcat.TomcatWebServer","thread":"restartedMain","level":"INFO","appName":"sb-aslan-kafka-template","appCode":"RRRR"}
{"timestamp":"2021-07-25T03:21:04.717Z","appMessage":"Initializing ProtocolHandler [\"http-nio-8080\"]","class":"org.apache.coyote.http11.Http11NioProtocol","thread":"restartedMain","level":"INFO","appName":"sb-aslan-kafka-template","appCode":"RRRR"}
{"timestamp":"2021-07-25T03:21:04.718Z","appMessage":"Starting service [Tomcat]","class":"org.apache.catalina.core.StandardService","thread":"restartedMain","level":"INFO","appName":"sb-aslan-kafka-template","appCode":"RRRR"}
{"timestamp":"2021-07-25T03:21:04.723Z","appMessage":"Starting Servlet engine: [Apache Tomcat/9.0.48]","class":"org.apache.catalina.core.StandardEngine","thread":"restartedMain","level":"INFO","appName":"sb-aslan-kafka-template","appCode":"RRRR"}
{"timestamp":"2021-07-25T03:21:04.762Z","appMessage":"Initializing Spring embedded WebApplicationContext","class":"org.apache.catalina.core.ContainerBase.[Tomcat].[localhost].[/]","thread":"restartedMain","level":"INFO","appName":"sb-aslan-kafka-template","appCode":"RRRR"}
{"timestamp":"2021-07-25T03:21:04.764Z","appMessage":"Root WebApplicationContext: initialization completed in 647 ms","class":"org.springframework.boot.web.servlet.context.ServletWebServerApplicationContext","thread":"restartedMain","level":"INFO","appName":"sb-aslan-kafka-template","appCode":"RRRR"}
{"timestamp":"2021-07-25T03:21:05.026Z","appMessage":"Cannot find template location: classpath:/mustache (please add some templates, check your Mustache configuration, or set spring.mustache.check-template-location=false)","class":"org.springframework.boot.autoconfigure.mustache.MustacheAutoConfiguration","thread":"restartedMain","level":"WARN","appName":"sb-aslan-kafka-template","appCode":"RRRR"}
{"timestamp":"2021-07-25T03:21:05.035Z","appMessage":"Cannot find template location: classpath:/templates/ (please add some templates or check your Thymeleaf configuration)","class":"org.springframework.boot.autoconfigure.thymeleaf.ThymeleafAutoConfiguration$DefaultTemplateResolverConfiguration","thread":"restartedMain","level":"WARN","appName":"sb-aslan-kafka-template","appCode":"RRRR"}
{"timestamp":"2021-07-25T03:21:05.119Z","appMessage":"LiveReload server is running on port 35729","class":"org.springframework.boot.devtools.autoconfigure.OptionalLiveReloadServer","thread":"restartedMain","level":"INFO","appName":"sb-aslan-kafka-template","appCode":"RRRR"}
{"timestamp":"2021-07-25T03:21:05.124Z","appMessage":"Exposing 13 endpoint(s) beneath base path ''","class":"org.springframework.boot.actuate.endpoint.web.EndpointLinksResolver","thread":"restartedMain","level":"INFO","appName":"sb-aslan-kafka-template","appCode":"RRRR"}
{"timestamp":"2021-07-25T03:21:05.141Z","appMessage":"Starting ProtocolHandler [\"http-nio-8080\"]","class":"org.apache.coyote.http11.Http11NioProtocol","thread":"restartedMain","level":"INFO","appName":"sb-aslan-kafka-template","appCode":"RRRR"}
{"timestamp":"2021-07-25T03:21:05.146Z","appMessage":"Tomcat started on port(s): 8080 (http) with context path ''","class":"org.springframework.boot.web.embedded.tomcat.TomcatWebServer","thread":"restartedMain","level":"INFO","appName":"sb-aslan-kafka-template","appCode":"RRRR"}
{"timestamp":"2021-07-25T03:21:05.158Z","appMessage":"Started Application in 1.393 seconds (JVM running for 628.279)","class":"com.aslan.kafka.Application","thread":"restartedMain","level":"INFO","appName":"sb-aslan-kafka-template","appCode":"RRRR"}
{"timestamp":"2021-07-25T03:25:22.018Z","appMessage":"Starting Application using Java 1.8.0_202 on Officeroom with PID 9032 (C:\\Users\\Officeroom\\JavaProj\\sb-aslan-kafka-template\\target\\classes started by Officeroom in C:\\Users\\Officeroom\\JavaProj\\sb-aslan-kafka-template)","class":"com.aslan.kafka.Application","thread":"restartedMain","level":"INFO","appName":"sb-aslan-kafka-template","appCode":"RRRR"}
{"timestamp":"2021-07-25T03:25:22.019Z","appMessage":"The following profiles are active: local","class":"com.aslan.kafka.Application","thread":"restartedMain","level":"INFO","appName":"sb-aslan-kafka-template","appCode":"RRRR"}
{"timestamp":"2021-07-25T03:25:22.613Z","appMessage":"Tomcat initialized with port(s): 8080 (http)","class":"org.springframework.boot.web.embedded.tomcat.TomcatWebServer","thread":"restartedMain","level":"INFO","appName":"sb-aslan-kafka-template","appCode":"RRRR"}
{"timestamp":"2021-07-25T03:25:22.614Z","appMessage":"Initializing ProtocolHandler [\"http-nio-8080\"]","class":"org.apache.coyote.http11.Http11NioProtocol","thread":"restartedMain","level":"INFO","appName":"sb-aslan-kafka-template","appCode":"RRRR"}
{"timestamp":"2021-07-25T03:25:22.615Z","appMessage":"Starting service [Tomcat]","class":"org.apache.catalina.core.StandardService","thread":"restartedMain","level":"INFO","appName":"sb-aslan-kafka-template","appCode":"RRRR"}
{"timestamp":"2021-07-25T03:25:22.615Z","appMessage":"Starting Servlet engine: [Apache Tomcat/9.0.48]","class":"org.apache.catalina.core.StandardEngine","thread":"restartedMain","level":"INFO","appName":"sb-aslan-kafka-template","appCode":"RRRR"}
{"timestamp":"2021-07-25T03:25:22.653Z","appMessage":"Initializing Spring embedded WebApplicationContext","class":"org.apache.catalina.core.ContainerBase.[Tomcat].[localhost].[/]","thread":"restartedMain","level":"INFO","appName":"sb-aslan-kafka-template","appCode":"RRRR"}
{"timestamp":"2021-07-25T03:25:22.653Z","appMessage":"Root WebApplicationContext: initialization completed in 631 ms","class":"org.springframework.boot.web.servlet.context.ServletWebServerApplicationContext","thread":"restartedMain","level":"INFO","appName":"sb-aslan-kafka-template","appCode":"RRRR"}
{"timestamp":"2021-07-25T03:25:22.817Z","appMessage":"Cannot find template location: classpath:/templates/ (please add some templates or check your Thymeleaf configuration)","class":"org.springframework.boot.autoconfigure.thymeleaf.ThymeleafAutoConfiguration$DefaultTemplateResolverConfiguration","thread":"restartedMain","level":"WARN","appName":"sb-aslan-kafka-template","appCode":"RRRR"}
{"timestamp":"2021-07-25T03:25:22.898Z","appMessage":"LiveReload server is running on port 35729","class":"org.springframework.boot.devtools.autoconfigure.OptionalLiveReloadServer","thread":"restartedMain","level":"INFO","appName":"sb-aslan-kafka-template","appCode":"RRRR"}
{"timestamp":"2021-07-25T03:25:22.904Z","appMessage":"Exposing 13 endpoint(s) beneath base path ''","class":"org.springframework.boot.actuate.endpoint.web.EndpointLinksResolver","thread":"restartedMain","level":"INFO","appName":"sb-aslan-kafka-template","appCode":"RRRR"}
{"timestamp":"2021-07-25T03:25:22.920Z","appMessage":"Starting ProtocolHandler [\"http-nio-8080\"]","class":"org.apache.coyote.http11.Http11NioProtocol","thread":"restartedMain","level":"INFO","appName":"sb-aslan-kafka-template","appCode":"RRRR"}
{"timestamp":"2021-07-25T03:25:22.924Z","appMessage":"Tomcat started on port(s): 8080 (http) with context path ''","class":"org.springframework.boot.web.embedded.tomcat.TomcatWebServer","thread":"restartedMain","level":"INFO","appName":"sb-aslan-kafka-template","appCode":"RRRR"}
{"timestamp":"2021-07-25T03:25:22.936Z","appMessage":"Started Application in 0.993 seconds (JVM running for 886.056)","class":"com.aslan.kafka.Application","thread":"restartedMain","level":"INFO","appName":"sb-aslan-kafka-template","appCode":"RRRR"}
{"timestamp":"2021-07-25T03:28:49.039Z","appMessage":"Starting Application using Java 1.8.0_202 on Officeroom with PID 9032 (C:\\Users\\Officeroom\\JavaProj\\sb-aslan-kafka-template\\target\\classes started by Officeroom in C:\\Users\\Officeroom\\JavaProj\\sb-aslan-kafka-template)","class":"com.aslan.kafka.Application","thread":"restartedMain","level":"INFO","appName":"sb-aslan-kafka-template","appCode":"RRRR"}
{"timestamp":"2021-07-25T03:28:49.041Z","appMessage":"The following profiles are active: local","class":"com.aslan.kafka.Application","thread":"restartedMain","level":"INFO","appName":"sb-aslan-kafka-template","appCode":"RRRR"}
{"timestamp":"2021-07-25T03:28:49.614Z","appMessage":"Tomcat initialized with port(s): 8080 (http)","class":"org.springframework.boot.web.embedded.tomcat.TomcatWebServer","thread":"restartedMain","level":"INFO","appName":"sb-aslan-kafka-template","appCode":"RRRR"}
{"timestamp":"2021-07-25T03:28:49.615Z","appMessage":"Initializing ProtocolHandler [\"http-nio-8080\"]","class":"org.apache.coyote.http11.Http11NioProtocol","thread":"restartedMain","level":"INFO","appName":"sb-aslan-kafka-template","appCode":"RRRR"}
{"timestamp":"2021-07-25T03:28:49.616Z","appMessage":"Starting service [Tomcat]","class":"org.apache.catalina.core.StandardService","thread":"restartedMain","level":"INFO","appName":"sb-aslan-kafka-template","appCode":"RRRR"}
{"timestamp":"2021-07-25T03:28:49.616Z","appMessage":"Starting Servlet engine: [Apache Tomcat/9.0.48]","class":"org.apache.catalina.core.StandardEngine","thread":"restartedMain","level":"INFO","appName":"sb-aslan-kafka-template","appCode":"RRRR"}
{"timestamp":"2021-07-25T03:28:49.655Z","appMessage":"Initializing Spring embedded WebApplicationContext","class":"org.apache.catalina.core.ContainerBase.[Tomcat].[localhost].[/]","thread":"restartedMain","level":"INFO","appName":"sb-aslan-kafka-template","appCode":"RRRR"}
{"timestamp":"2021-07-25T03:28:49.655Z","appMessage":"Root WebApplicationContext: initialization completed in 610 ms","class":"org.springframework.boot.web.servlet.context.ServletWebServerApplicationContext","thread":"restartedMain","level":"INFO","appName":"sb-aslan-kafka-template","appCode":"RRRR"}
{"timestamp":"2021-07-25T03:28:49.821Z","appMessage":"Cannot find template location: classpath:/templates/ (please add some templates or check your Thymeleaf configuration)","class":"org.springframework.boot.autoconfigure.thymeleaf.ThymeleafAutoConfiguration$DefaultTemplateResolverConfiguration","thread":"restartedMain","level":"WARN","appName":"sb-aslan-kafka-template","appCode":"RRRR"}
{"timestamp":"2021-07-25T03:28:49.905Z","appMessage":"LiveReload server is running on port 35729","class":"org.springframework.boot.devtools.autoconfigure.OptionalLiveReloadServer","thread":"restartedMain","level":"INFO","appName":"sb-aslan-kafka-template","appCode":"RRRR"}
{"timestamp":"2021-07-25T03:28:49.911Z","appMessage":"Exposing 13 endpoint(s) beneath base path ''","class":"org.springframework.boot.actuate.endpoint.web.EndpointLinksResolver","thread":"restartedMain","level":"INFO","appName":"sb-aslan-kafka-template","appCode":"RRRR"}
{"timestamp":"2021-07-25T03:28:49.929Z","appMessage":"Starting ProtocolHandler [\"http-nio-8080\"]","class":"org.apache.coyote.http11.Http11NioProtocol","thread":"restartedMain","level":"INFO","appName":"sb-aslan-kafka-template","appCode":"RRRR"}
{"timestamp":"2021-07-25T03:28:49.933Z","appMessage":"Tomcat started on port(s): 8080 (http) with context path ''","class":"org.springframework.boot.web.embedded.tomcat.TomcatWebServer","thread":"restartedMain","level":"INFO","appName":"sb-aslan-kafka-template","appCode":"RRRR"}
{"timestamp":"2021-07-25T03:28:49.946Z","appMessage":"Started Application in 0.988 seconds (JVM running for 1093.066)","class":"com.aslan.kafka.Application","thread":"restartedMain","level":"INFO","appName":"sb-aslan-kafka-template","appCode":"RRRR"}
{"timestamp":"2021-07-25T03:29:07.130Z","appMessage":"Initializing Spring DispatcherServlet 'dispatcherServlet'","class":"org.apache.catalina.core.ContainerBase.[Tomcat].[localhost].[/]","thread":"http-nio-8080-exec-1","level":"INFO","appName":"sb-aslan-kafka-template","appCode":"RRRR"}
{"timestamp":"2021-07-25T03:29:07.131Z","appMessage":"Initializing Servlet 'dispatcherServlet'","class":"org.springframework.web.servlet.DispatcherServlet","thread":"http-nio-8080-exec-1","level":"INFO","appName":"sb-aslan-kafka-template","appCode":"RRRR"}
{"timestamp":"2021-07-25T03:29:07.135Z","appMessage":"Completed initialization in 3 ms","class":"org.springframework.web.servlet.DispatcherServlet","thread":"http-nio-8080-exec-1","level":"INFO","appName":"sb-aslan-kafka-template","appCode":"RRRR"}
{"timestamp":"2021-07-25T03:29:39.423Z","appMessage":"Starting Application using Java 1.8.0_202 on Officeroom with PID 9032 (C:\\Users\\Officeroom\\JavaProj\\sb-aslan-kafka-template\\target\\classes started by Officeroom in C:\\Users\\Officeroom\\JavaProj\\sb-aslan-kafka-template)","class":"com.aslan.kafka.Application","thread":"restartedMain","level":"INFO","appName":"sb-aslan-kafka-template","appCode":"RRRR"}
{"timestamp":"2021-07-25T03:29:39.424Z","appMessage":"The following profiles are active: local","class":"com.aslan.kafka.Application","thread":"restartedMain","level":"INFO","appName":"sb-aslan-kafka-template","appCode":"RRRR"}
{"timestamp":"2021-07-25T03:29:40.015Z","appMessage":"Tomcat initialized with port(s): 8080 (http)","class":"org.springframework.boot.web.embedded.tomcat.TomcatWebServer","thread":"restartedMain","level":"INFO","appName":"sb-aslan-kafka-template","appCode":"RRRR"}
{"timestamp":"2021-07-25T03:29:40.016Z","appMessage":"Initializing ProtocolHandler [\"http-nio-8080\"]","class":"org.apache.coyote.http11.Http11NioProtocol","thread":"restartedMain","level":"INFO","appName":"sb-aslan-kafka-template","appCode":"RRRR"}
{"timestamp":"2021-07-25T03:29:40.017Z","appMessage":"Starting service [Tomcat]","class":"org.apache.catalina.core.StandardService","thread":"restartedMain","level":"INFO","appName":"sb-aslan-kafka-template","appCode":"RRRR"}
{"timestamp":"2021-07-25T03:29:40.017Z","appMessage":"Starting Servlet engine: [Apache Tomcat/9.0.48]","class":"org.apache.catalina.core.StandardEngine","thread":"restartedMain","level":"INFO","appName":"sb-aslan-kafka-template","appCode":"RRRR"}
{"timestamp":"2021-07-25T03:29:40.054Z","appMessage":"Initializing Spring embedded WebApplicationContext","class":"org.apache.catalina.core.ContainerBase.[Tomcat].[localhost].[/]","thread":"restartedMain","level":"INFO","appName":"sb-aslan-kafka-template","appCode":"RRRR"}
{"timestamp":"2021-07-25T03:29:40.055Z","appMessage":"Root WebApplicationContext: initialization completed in 627 ms","class":"org.springframework.boot.web.servlet.context.ServletWebServerApplicationContext","thread":"restartedMain","level":"INFO","appName":"sb-aslan-kafka-template","appCode":"RRRR"}
{"timestamp":"2021-07-25T03:29:40.210Z","appMessage":"Cannot find template location: classpath:/templates/ (please add some templates or check your Thymeleaf configuration)","class":"org.springframework.boot.autoconfigure.thymeleaf.ThymeleafAutoConfiguration$DefaultTemplateResolverConfiguration","thread":"restartedMain","level":"WARN","appName":"sb-aslan-kafka-template","appCode":"RRRR"}
{"timestamp":"2021-07-25T03:29:40.290Z","appMessage":"LiveReload server is running on port 35729","class":"org.springframework.boot.devtools.autoconfigure.OptionalLiveReloadServer","thread":"restartedMain","level":"INFO","appName":"sb-aslan-kafka-template","appCode":"RRRR"}
{"timestamp":"2021-07-25T03:29:40.295Z","appMessage":"Exposing 13 endpoint(s) beneath base path ''","class":"org.springframework.boot.actuate.endpoint.web.EndpointLinksResolver","thread":"restartedMain","level":"INFO","appName":"sb-aslan-kafka-template","appCode":"RRRR"}
{"timestamp":"2021-07-25T03:29:40.311Z","appMessage":"Starting ProtocolHandler [\"http-nio-8080\"]","class":"org.apache.coyote.http11.Http11NioProtocol","thread":"restartedMain","level":"INFO","appName":"sb-aslan-kafka-template","appCode":"RRRR"}
{"timestamp":"2021-07-25T03:29:40.315Z","appMessage":"Tomcat started on port(s): 8080 (http) with context path ''","class":"org.springframework.boot.web.embedded.tomcat.TomcatWebServer","thread":"restartedMain","level":"INFO","appName":"sb-aslan-kafka-template","appCode":"RRRR"}
{"timestamp":"2021-07-25T03:29:40.327Z","appMessage":"Started Application in 0.976 seconds (JVM running for 1143.447)","class":"com.aslan.kafka.Application","thread":"restartedMain","level":"INFO","appName":"sb-aslan-kafka-template","appCode":"RRRR"}
{"timestamp":"2021-07-25T03:30:51.954Z","appMessage":"Starting Application using Java 1.8.0_202 on Officeroom with PID 9032 (C:\\Users\\Officeroom\\JavaProj\\sb-aslan-kafka-template\\target\\classes started by Officeroom in C:\\Users\\Officeroom\\JavaProj\\sb-aslan-kafka-template)","class":"com.aslan.kafka.Application","thread":"restartedMain","level":"INFO","appName":"sb-aslan-kafka-template","appCode":"RRRR"}
{"timestamp":"2021-07-25T03:30:51.955Z","appMessage":"The following profiles are active: local","class":"com.aslan.kafka.Application","thread":"restartedMain","level":"INFO","appName":"sb-aslan-kafka-template","appCode":"RRRR"}
{"timestamp":"2021-07-25T03:30:52.524Z","appMessage":"Tomcat initialized with port(s): 8080 (http)","class":"org.springframework.boot.web.embedded.tomcat.TomcatWebServer","thread":"restartedMain","level":"INFO","appName":"sb-aslan-kafka-template","appCode":"RRRR"}
{"timestamp":"2021-07-25T03:30:52.525Z","appMessage":"Initializing ProtocolHandler [\"http-nio-8080\"]","class":"org.apache.coyote.http11.Http11NioProtocol","thread":"restartedMain","level":"INFO","appName":"sb-aslan-kafka-template","appCode":"RRRR"}
{"timestamp":"2021-07-25T03:30:52.526Z","appMessage":"Starting service [Tomcat]","class":"org.apache.catalina.core.StandardService","thread":"restartedMain","level":"INFO","appName":"sb-aslan-kafka-template","appCode":"RRRR"}
{"timestamp":"2021-07-25T03:30:52.526Z","appMessage":"Starting Servlet engine: [Apache Tomcat/9.0.48]","class":"org.apache.catalina.core.StandardEngine","thread":"restartedMain","level":"INFO","appName":"sb-aslan-kafka-template","appCode":"RRRR"}
{"timestamp":"2021-07-25T03:30:52.564Z","appMessage":"Initializing Spring embedded WebApplicationContext","class":"org.apache.catalina.core.ContainerBase.[Tomcat].[localhost].[/]","thread":"restartedMain","level":"INFO","appName":"sb-aslan-kafka-template","appCode":"RRRR"}
{"timestamp":"2021-07-25T03:30:52.564Z","appMessage":"Root WebApplicationContext: initialization completed in 605 ms","class":"org.springframework.boot.web.servlet.context.ServletWebServerApplicationContext","thread":"restartedMain","level":"INFO","appName":"sb-aslan-kafka-template","appCode":"RRRR"}
{"timestamp":"2021-07-25T03:30:52.716Z","appMessage":"Cannot find template location: classpath:/templates/ (please add some templates or check your Thymeleaf configuration)","class":"org.springframework.boot.autoconfigure.thymeleaf.ThymeleafAutoConfiguration$DefaultTemplateResolverConfiguration","thread":"restartedMain","level":"WARN","appName":"sb-aslan-kafka-template","appCode":"RRRR"}
{"timestamp":"2021-07-25T03:30:52.793Z","appMessage":"LiveReload server is running on port 35729","class":"org.springframework.boot.devtools.autoconfigure.OptionalLiveReloadServer","thread":"restartedMain","level":"INFO","appName":"sb-aslan-kafka-template","appCode":"RRRR"}
{"timestamp":"2021-07-25T03:30:52.798Z","appMessage":"Exposing 13 endpoint(s) beneath base path ''","class":"org.springframework.boot.actuate.endpoint.web.EndpointLinksResolver","thread":"restartedMain","level":"INFO","appName":"sb-aslan-kafka-template","appCode":"RRRR"}
{"timestamp":"2021-07-25T03:30:52.814Z","appMessage":"Starting ProtocolHandler [\"http-nio-8080\"]","class":"org.apache.coyote.http11.Http11NioProtocol","thread":"restartedMain","level":"INFO","appName":"sb-aslan-kafka-template","appCode":"RRRR"}
{"timestamp":"2021-07-25T03:30:52.818Z","appMessage":"Tomcat started on port(s): 8080 (http) with context path ''","class":"org.springframework.boot.web.embedded.tomcat.TomcatWebServer","thread":"restartedMain","level":"INFO","appName":"sb-aslan-kafka-template","appCode":"RRRR"}
{"timestamp":"2021-07-25T03:30:52.830Z","appMessage":"Started Application in 0.947 seconds (JVM running for 1215.95)","class":"com.aslan.kafka.Application","thread":"restartedMain","level":"INFO","appName":"sb-aslan-kafka-template","appCode":"RRRR"}
{"timestamp":"2021-07-25T03:30:57.663Z","appMessage":"Starting Application using Java 1.8.0_202 on Officeroom with PID 9032 (C:\\Users\\Officeroom\\JavaProj\\sb-aslan-kafka-template\\target\\classes started by Officeroom in C:\\Users\\Officeroom\\JavaProj\\sb-aslan-kafka-template)","class":"com.aslan.kafka.Application","thread":"restartedMain","level":"INFO","appName":"sb-aslan-kafka-template","appCode":"RRRR"}
{"timestamp":"2021-07-25T03:30:57.664Z","appMessage":"The following profiles are active: local","class":"com.aslan.kafka.Application","thread":"restartedMain","level":"INFO","appName":"sb-aslan-kafka-template","appCode":"RRRR"}
{"timestamp":"2021-07-25T03:30:58.104Z","appMessage":"Tomcat initialized with port(s): 8080 (http)","class":"org.springframework.boot.web.embedded.tomcat.TomcatWebServer","thread":"restartedMain","level":"INFO","appName":"sb-aslan-kafka-template","appCode":"RRRR"}
{"timestamp":"2021-07-25T03:30:58.105Z","appMessage":"Initializing ProtocolHandler [\"http-nio-8080\"]","class":"org.apache.coyote.http11.Http11NioProtocol","thread":"restartedMain","level":"INFO","appName":"sb-aslan-kafka-template","appCode":"RRRR"}
{"timestamp":"2021-07-25T03:30:58.106Z","appMessage":"Starting service [Tomcat]","class":"org.apache.catalina.core.StandardService","thread":"restartedMain","level":"INFO","appName":"sb-aslan-kafka-template","appCode":"RRRR"}
{"timestamp":"2021-07-25T03:30:58.107Z","appMessage":"Starting Servlet engine: [Apache Tomcat/9.0.48]","class":"org.apache.catalina.core.StandardEngine","thread":"restartedMain","level":"INFO","appName":"sb-aslan-kafka-template","appCode":"RRRR"}
{"timestamp":"2021-07-25T03:30:58.140Z","appMessage":"Initializing Spring embedded WebApplicationContext","class":"org.apache.catalina.core.ContainerBase.[Tomcat].[localhost].[/]","thread":"restartedMain","level":"INFO","appName":"sb-aslan-kafka-template","appCode":"RRRR"}
{"timestamp":"2021-07-25T03:30:58.141Z","appMessage":"Root WebApplicationContext: initialization completed in 474 ms","class":"org.springframework.boot.web.servlet.context.ServletWebServerApplicationContext","thread":"restartedMain","level":"INFO","appName":"sb-aslan-kafka-template","appCode":"RRRR"}
{"timestamp":"2021-07-25T03:30:58.292Z","appMessage":"Cannot find template location: classpath:/templates/ (please add some templates or check your Thymeleaf configuration)","class":"org.springframework.boot.autoconfigure.thymeleaf.ThymeleafAutoConfiguration$DefaultTemplateResolverConfiguration","thread":"restartedMain","level":"WARN","appName":"sb-aslan-kafka-template","appCode":"RRRR"}
{"timestamp":"2021-07-25T03:30:58.375Z","appMessage":"LiveReload server is running on port 35729","class":"org.springframework.boot.devtools.autoconfigure.OptionalLiveReloadServer","thread":"restartedMain","level":"INFO","appName":"sb-aslan-kafka-template","appCode":"RRRR"}
{"timestamp":"2021-07-25T03:30:58.380Z","appMessage":"Exposing 13 endpoint(s) beneath base path ''","class":"org.springframework.boot.actuate.endpoint.web.EndpointLinksResolver","thread":"restartedMain","level":"INFO","appName":"sb-aslan-kafka-template","appCode":"RRRR"}
{"timestamp":"2021-07-25T03:30:58.396Z","appMessage":"Starting ProtocolHandler [\"http-nio-8080\"]","class":"org.apache.coyote.http11.Http11NioProtocol","thread":"restartedMain","level":"INFO","appName":"sb-aslan-kafka-template","appCode":"RRRR"}
{"timestamp":"2021-07-25T03:30:58.400Z","appMessage":"Tomcat started on port(s): 8080 (http) with context path ''","class":"org.springframework.boot.web.embedded.tomcat.TomcatWebServer","thread":"restartedMain","level":"INFO","appName":"sb-aslan-kafka-template","appCode":"RRRR"}
{"timestamp":"2021-07-25T03:30:58.413Z","appMessage":"Started Application in 0.817 seconds (JVM running for 1221.533)","class":"com.aslan.kafka.Application","thread":"restartedMain","level":"INFO","appName":"sb-aslan-kafka-template","appCode":"RRRR"}
{"timestamp":"2021-07-25T03:32:22.769Z","appMessage":"Starting Application using Java 1.8.0_202 on Officeroom with PID 52004 (C:\\Users\\Officeroom\\JavaProj\\sb-aslan-kafka-template\\target\\classes started by Officeroom in C:\\Users\\Officeroom\\JavaProj\\sb-aslan-kafka-template)","class":"com.aslan.kafka.Application","thread":"restartedMain","level":"INFO","appName":"sb-aslan-kafka-template","appCode":"RRRR"}
{"timestamp":"2021-07-25T03:32:22.781Z","appMessage":"The following profiles are active: local","class":"com.aslan.kafka.Application","thread":"restartedMain","level":"INFO","appName":"sb-aslan-kafka-template","appCode":"RRRR"}
{"timestamp":"2021-07-25T03:32:22.837Z","appMessage":"Devtools property defaults active! Set 'spring.devtools.add-properties' to 'false' to disable","class":"org.springframework.boot.devtools.env.DevToolsPropertyDefaultsPostProcessor","thread":"restartedMain","level":"INFO","appName":"sb-aslan-kafka-template","appCode":"RRRR"}
{"timestamp":"2021-07-25T03:32:22.838Z","appMessage":"For additional web related logging consider setting the 'logging.level.web' property to 'DEBUG'","class":"org.springframework.boot.devtools.env.DevToolsPropertyDefaultsPostProcessor","thread":"restartedMain","level":"INFO","appName":"sb-aslan-kafka-template","appCode":"RRRR"}
{"timestamp":"2021-07-25T03:32:24.624Z","appMessage":"Tomcat initialized with port(s): 8080 (http)","class":"org.springframework.boot.web.embedded.tomcat.TomcatWebServer","thread":"restartedMain","level":"INFO","appName":"sb-aslan-kafka-template","appCode":"RRRR"}
{"timestamp":"2021-07-25T03:32:24.635Z","appMessage":"Initializing ProtocolHandler [\"http-nio-8080\"]","class":"org.apache.coyote.http11.Http11NioProtocol","thread":"restartedMain","level":"INFO","appName":"sb-aslan-kafka-template","appCode":"RRRR"}
{"timestamp":"2021-07-25T03:32:24.636Z","appMessage":"Starting service [Tomcat]","class":"org.apache.catalina.core.StandardService","thread":"restartedMain","level":"INFO","appName":"sb-aslan-kafka-template","appCode":"RRRR"}
{"timestamp":"2021-07-25T03:32:24.637Z","appMessage":"Starting Servlet engine: [Apache Tomcat/9.0.48]","class":"org.apache.catalina.core.StandardEngine","thread":"restartedMain","level":"INFO","appName":"sb-aslan-kafka-template","appCode":"RRRR"}
{"timestamp":"2021-07-25T03:32:24.814Z","appMessage":"Initializing Spring embedded WebApplicationContext","class":"org.apache.catalina.core.ContainerBase.[Tomcat].[localhost].[/]","thread":"restartedMain","level":"INFO","appName":"sb-aslan-kafka-template","appCode":"RRRR"}
{"timestamp":"2021-07-25T03:32:24.815Z","appMessage":"Root WebApplicationContext: initialization completed in 1976 ms","class":"org.springframework.boot.web.servlet.context.ServletWebServerApplicationContext","thread":"restartedMain","level":"INFO","appName":"sb-aslan-kafka-template","appCode":"RRRR"}
{"timestamp":"2021-07-25T03:32:25.576Z","appMessage":"Cannot find template location: classpath:/templates/ (please add some templates or check your Thymeleaf configuration)","class":"org.springframework.boot.autoconfigure.thymeleaf.ThymeleafAutoConfiguration$DefaultTemplateResolverConfiguration","thread":"restartedMain","level":"WARN","appName":"sb-aslan-kafka-template","appCode":"RRRR"}
{"timestamp":"2021-07-25T03:32:25.843Z","appMessage":"LiveReload server is running on port 35729","class":"org.springframework.boot.devtools.autoconfigure.OptionalLiveReloadServer","thread":"restartedMain","level":"INFO","appName":"sb-aslan-kafka-template","appCode":"RRRR"}
{"timestamp":"2021-07-25T03:32:25.851Z","appMessage":"Exposing 13 endpoint(s) beneath base path ''","class":"org.springframework.boot.actuate.endpoint.web.EndpointLinksResolver","thread":"restartedMain","level":"INFO","appName":"sb-aslan-kafka-template","appCode":"RRRR"}
{"timestamp":"2021-07-25T03:32:25.888Z","appMessage":"Starting ProtocolHandler [\"http-nio-8080\"]","class":"org.apache.coyote.http11.Http11NioProtocol","thread":"restartedMain","level":"INFO","appName":"sb-aslan-kafka-template","appCode":"RRRR"}
{"timestamp":"2021-07-25T03:32:25.928Z","appMessage":"Tomcat started on port(s): 8080 (http) with context path ''","class":"org.springframework.boot.web.embedded.tomcat.TomcatWebServer","thread":"restartedMain","level":"INFO","appName":"sb-aslan-kafka-template","appCode":"RRRR"}
{"timestamp":"2021-07-25T03:32:25.949Z","appMessage":"Started Application in 4.664 seconds (JVM running for 5.65)","class":"com.aslan.kafka.Application","thread":"restartedMain","level":"INFO","appName":"sb-aslan-kafka-template","appCode":"RRRR"}
{"timestamp":"2021-07-25T03:33:14.872Z","appMessage":"Starting Application using Java 1.8.0_202 on Officeroom with PID 17724 (C:\\Users\\Officeroom\\JavaProj\\sb-aslan-kafka-template\\target\\classes started by Officeroom in C:\\Users\\Officeroom\\JavaProj\\sb-aslan-kafka-template)","class":"com.aslan.kafka.Application","thread":"restartedMain","level":"INFO","appName":"sb-aslan-kafka-template","appCode":"RRRR"}
{"timestamp":"2021-07-25T03:33:14.885Z","appMessage":"The following profiles are active: local","class":"com.aslan.kafka.Application","thread":"restartedMain","level":"INFO","appName":"sb-aslan-kafka-template","appCode":"RRRR"}
{"timestamp":"2021-07-25T03:33:14.942Z","appMessage":"Devtools property defaults active! Set 'spring.devtools.add-properties' to 'false' to disable","class":"org.springframework.boot.devtools.env.DevToolsPropertyDefaultsPostProcessor","thread":"restartedMain","level":"INFO","appName":"sb-aslan-kafka-template","appCode":"RRRR"}
{"timestamp":"2021-07-25T03:33:14.943Z","appMessage":"For additional web related logging consider setting the 'logging.level.web' property to 'DEBUG'","class":"org.springframework.boot.devtools.env.DevToolsPropertyDefaultsPostProcessor","thread":"restartedMain","level":"INFO","appName":"sb-aslan-kafka-template","appCode":"RRRR"}
{"timestamp":"2021-07-25T03:33:16.736Z","appMessage":"Tomcat initialized with port(s): 8080 (http)","class":"org.springframework.boot.web.embedded.tomcat.TomcatWebServer","thread":"restartedMain","level":"INFO","appName":"sb-aslan-kafka-template","appCode":"RRRR"}
{"timestamp":"2021-07-25T03:33:16.747Z","appMessage":"Initializing ProtocolHandler [\"http-nio-8080\"]","class":"org.apache.coyote.http11.Http11NioProtocol","thread":"restartedMain","level":"INFO","appName":"sb-aslan-kafka-template","appCode":"RRRR"}
{"timestamp":"2021-07-25T03:33:16.749Z","appMessage":"Starting service [Tomcat]","class":"org.apache.catalina.core.StandardService","thread":"restartedMain","level":"INFO","appName":"sb-aslan-kafka-template","appCode":"RRRR"}
{"timestamp":"2021-07-25T03:33:16.749Z","appMessage":"Starting Servlet engine: [Apache Tomcat/9.0.48]","class":"org.apache.catalina.core.StandardEngine","thread":"restartedMain","level":"INFO","appName":"sb-aslan-kafka-template","appCode":"RRRR"}
{"timestamp":"2021-07-25T03:33:16.927Z","appMessage":"Initializing Spring embedded WebApplicationContext","class":"org.apache.catalina.core.ContainerBase.[Tomcat].[localhost].[/]","thread":"restartedMain","level":"INFO","appName":"sb-aslan-kafka-template","appCode":"RRRR"}
{"timestamp":"2021-07-25T03:33:16.928Z","appMessage":"Root WebApplicationContext: initialization completed in 1984 ms","class":"org.springframework.boot.web.servlet.context.ServletWebServerApplicationContext","thread":"restartedMain","level":"INFO","appName":"sb-aslan-kafka-template","appCode":"RRRR"}
{"timestamp":"2021-07-25T03:33:17.594Z","appMessage":"Adding welcome page template: index","class":"org.springframework.boot.autoconfigure.web.servlet.WelcomePageHandlerMapping","thread":"restartedMain","level":"INFO","appName":"sb-aslan-kafka-template","appCode":"RRRR"}
{"timestamp":"2021-07-25T03:33:17.951Z","appMessage":"LiveReload server is running on port 35729","class":"org.springframework.boot.devtools.autoconfigure.OptionalLiveReloadServer","thread":"restartedMain","level":"INFO","appName":"sb-aslan-kafka-template","appCode":"RRRR"}
{"timestamp":"2021-07-25T03:33:17.960Z","appMessage":"Exposing 13 endpoint(s) beneath base path ''","class":"org.springframework.boot.actuate.endpoint.web.EndpointLinksResolver","thread":"restartedMain","level":"INFO","appName":"sb-aslan-kafka-template","appCode":"RRRR"}
{"timestamp":"2021-07-25T03:33:17.997Z","appMessage":"Starting ProtocolHandler [\"http-nio-8080\"]","class":"org.apache.coyote.http11.Http11NioProtocol","thread":"restartedMain","level":"INFO","appName":"sb-aslan-kafka-template","appCode":"RRRR"}
{"timestamp":"2021-07-25T03:33:18.037Z","appMessage":"Tomcat started on port(s): 8080 (http) with context path ''","class":"org.springframework.boot.web.embedded.tomcat.TomcatWebServer","thread":"restartedMain","level":"INFO","appName":"sb-aslan-kafka-template","appCode":"RRRR"}
{"timestamp":"2021-07-25T03:33:18.059Z","appMessage":"Started Application in 4.67 seconds (JVM running for 5.672)","class":"com.aslan.kafka.Application","thread":"restartedMain","level":"INFO","appName":"sb-aslan-kafka-template","appCode":"RRRR"}
{"timestamp":"2021-07-25T03:33:41.810Z","appMessage":"Initializing Spring DispatcherServlet 'dispatcherServlet'","class":"org.apache.catalina.core.ContainerBase.[Tomcat].[localhost].[/]","thread":"http-nio-8080-exec-1","level":"INFO","appName":"sb-aslan-kafka-template","appCode":"RRRR"}
{"timestamp":"2021-07-25T03:33:41.811Z","appMessage":"Initializing Servlet 'dispatcherServlet'","class":"org.springframework.web.servlet.DispatcherServlet","thread":"http-nio-8080-exec-1","level":"INFO","appName":"sb-aslan-kafka-template","appCode":"RRRR"}
{"timestamp":"2021-07-25T03:33:41.813Z","appMessage":"Completed initialization in 1 ms","class":"org.springframework.web.servlet.DispatcherServlet","thread":"http-nio-8080-exec-1","level":"INFO","appName":"sb-aslan-kafka-template","appCode":"RRRR"}
{"timestamp":"2021-07-25T03:35:10.226Z","appMessage":"Starting Application using Java 1.8.0_202 on Officeroom with PID 17724 (C:\\Users\\Officeroom\\JavaProj\\sb-aslan-kafka-template\\target\\classes started by Officeroom in C:\\Users\\Officeroom\\JavaProj\\sb-aslan-kafka-template)","class":"com.aslan.kafka.Application","thread":"restartedMain","level":"INFO","appName":"sb-aslan-kafka-template","appCode":"RRRR"}
{"timestamp":"2021-07-25T03:35:10.227Z","appMessage":"The following profiles are active: local","class":"com.aslan.kafka.Application","thread":"restartedMain","level":"INFO","appName":"sb-aslan-kafka-template","appCode":"RRRR"}
{"timestamp":"2021-07-25T03:35:10.838Z","appMessage":"Tomcat initialized with port(s): 8080 (http)","class":"org.springframework.boot.web.embedded.tomcat.TomcatWebServer","thread":"restartedMain","level":"INFO","appName":"sb-aslan-kafka-template","appCode":"RRRR"}
{"timestamp":"2021-07-25T03:35:10.839Z","appMessage":"Initializing ProtocolHandler [\"http-nio-8080\"]","class":"org.apache.coyote.http11.Http11NioProtocol","thread":"restartedMain","level":"INFO","appName":"sb-aslan-kafka-template","appCode":"RRRR"}
{"timestamp":"2021-07-25T03:35:10.840Z","appMessage":"Starting service [Tomcat]","class":"org.apache.catalina.core.StandardService","thread":"restartedMain","level":"INFO","appName":"sb-aslan-kafka-template","appCode":"RRRR"}
{"timestamp":"2021-07-25T03:35:10.840Z","appMessage":"Starting Servlet engine: [Apache Tomcat/9.0.48]","class":"org.apache.catalina.core.StandardEngine","thread":"restartedMain","level":"INFO","appName":"sb-aslan-kafka-template","appCode":"RRRR"}
{"timestamp":"2021-07-25T03:35:10.880Z","appMessage":"Initializing Spring embedded WebApplicationContext","class":"org.apache.catalina.core.ContainerBase.[Tomcat].[localhost].[/]","thread":"restartedMain","level":"INFO","appName":"sb-aslan-kafka-template","appCode":"RRRR"}
{"timestamp":"2021-07-25T03:35:10.881Z","appMessage":"Root WebApplicationContext: initialization completed in 651 ms","class":"org.springframework.boot.web.servlet.context.ServletWebServerApplicationContext","thread":"restartedMain","level":"INFO","appName":"sb-aslan-kafka-template","appCode":"RRRR"}
{"timestamp":"2021-07-25T03:35:10.929Z","appMessage":"Mapping filters: filterRegistrationBean urls=[/*] order=-2147483647, characterEncodingFilter urls=[/*] order=-2147483648, formContentFilter urls=[/*] order=-9900, requestContextFilter urls=[/*] order=-105","class":"org.springframework.boot.web.servlet.ServletContextInitializerBeans","thread":"restartedMain","level":"DEBUG","appName":"sb-aslan-kafka-template","appCode":"RRRR"}
{"timestamp":"2021-07-25T03:35:10.930Z","appMessage":"Mapping servlets: dispatcherServlet urls=[/]","class":"org.springframework.boot.web.servlet.ServletContextInitializerBeans","thread":"restartedMain","level":"DEBUG","appName":"sb-aslan-kafka-template","appCode":"RRRR"}
{"timestamp":"2021-07-25T03:35:11.024Z","appMessage":"ControllerAdvice beans: 0 @ModelAttribute, 0 @InitBinder, 1 RequestBodyAdvice, 1 ResponseBodyAdvice","class":"org.springframework.web.servlet.mvc.method.annotation.RequestMappingHandlerAdapter","thread":"restartedMain","level":"DEBUG","appName":"sb-aslan-kafka-template","appCode":"RRRR"}
{"timestamp":"2021-07-25T03:35:11.036Z","appMessage":"6 mappings in 'requestMappingHandlerMapping'","class":"org.springframework.web.servlet.mvc.method.annotation.RequestMappingHandlerMapping","thread":"restartedMain","level":"DEBUG","appName":"sb-aslan-kafka-template","appCode":"RRRR"}
{"timestamp":"2021-07-25T03:35:11.043Z","appMessage":"Adding welcome page template: index","class":"org.springframework.boot.autoconfigure.web.servlet.WelcomePageHandlerMapping","thread":"restartedMain","level":"INFO","appName":"sb-aslan-kafka-template","appCode":"RRRR"}
{"timestamp":"2021-07-25T03:35:11.052Z","appMessage":"Patterns [/webjars/**, /**] in 'resourceHandlerMapping'","class":"org.springframework.web.servlet.handler.SimpleUrlHandlerMapping","thread":"restartedMain","level":"DEBUG","appName":"sb-aslan-kafka-template","appCode":"RRRR"}
{"timestamp":"2021-07-25T03:35:11.062Z","appMessage":"ControllerAdvice beans: 0 @ExceptionHandler, 1 ResponseBodyAdvice","class":"org.springframework.web.servlet.mvc.method.annotation.ExceptionHandlerExceptionResolver","thread":"restartedMain","level":"DEBUG","appName":"sb-aslan-kafka-template","appCode":"RRRR"}
{"timestamp":"2021-07-25T03:35:11.182Z","appMessage":"LiveReload server is running on port 35729","class":"org.springframework.boot.devtools.autoconfigure.OptionalLiveReloadServer","thread":"restartedMain","level":"INFO","appName":"sb-aslan-kafka-template","appCode":"RRRR"}
{"timestamp":"2021-07-25T03:35:11.190Z","appMessage":"Exposing 13 endpoint(s) beneath base path ''","class":"org.springframework.boot.actuate.endpoint.web.EndpointLinksResolver","thread":"restartedMain","level":"INFO","appName":"sb-aslan-kafka-template","appCode":"RRRR"}
{"timestamp":"2021-07-25T03:35:11.216Z","appMessage":"Starting ProtocolHandler [\"http-nio-8080\"]","class":"org.apache.coyote.http11.Http11NioProtocol","thread":"restartedMain","level":"INFO","appName":"sb-aslan-kafka-template","appCode":"RRRR"}
{"timestamp":"2021-07-25T03:35:11.222Z","appMessage":"Tomcat started on port(s): 8080 (http) with context path ''","class":"org.springframework.boot.web.embedded.tomcat.TomcatWebServer","thread":"restartedMain","level":"INFO","appName":"sb-aslan-kafka-template","appCode":"RRRR"}
{"timestamp":"2021-07-25T03:35:11.237Z","appMessage":"Started Application in 1.112 seconds (JVM running for 118.849)","class":"com.aslan.kafka.Application","thread":"restartedMain","level":"INFO","appName":"sb-aslan-kafka-template","appCode":"RRRR"}
{"timestamp":"2021-07-25T03:35:17.285Z","appMessage":"Starting Application using Java 1.8.0_202 on Officeroom with PID 17724 (C:\\Users\\Officeroom\\JavaProj\\sb-aslan-kafka-template\\target\\classes started by Officeroom in C:\\Users\\Officeroom\\JavaProj\\sb-aslan-kafka-template)","class":"com.aslan.kafka.Application","thread":"restartedMain","level":"INFO","appName":"sb-aslan-kafka-template","appCode":"RRRR"}
{"timestamp":"2021-07-25T03:35:17.286Z","appMessage":"The following profiles are active: local","class":"com.aslan.kafka.Application","thread":"restartedMain","level":"INFO","appName":"sb-aslan-kafka-template","appCode":"RRRR"}
{"timestamp":"2021-07-25T03:35:17.729Z","appMessage":"Tomcat initialized with port(s): 8080 (http)","class":"org.springframework.boot.web.embedded.tomcat.TomcatWebServer","thread":"restartedMain","level":"INFO","appName":"sb-aslan-kafka-template","appCode":"RRRR"}
{"timestamp":"2021-07-25T03:35:17.730Z","appMessage":"Initializing ProtocolHandler [\"http-nio-8080\"]","class":"org.apache.coyote.http11.Http11NioProtocol","thread":"restartedMain","level":"INFO","appName":"sb-aslan-kafka-template","appCode":"RRRR"}
{"timestamp":"2021-07-25T03:35:17.731Z","appMessage":"Starting service [Tomcat]","class":"org.apache.catalina.core.StandardService","thread":"restartedMain","level":"INFO","appName":"sb-aslan-kafka-template","appCode":"RRRR"}
{"timestamp":"2021-07-25T03:35:17.731Z","appMessage":"Starting Servlet engine: [Apache Tomcat/9.0.48]","class":"org.apache.catalina.core.StandardEngine","thread":"restartedMain","level":"INFO","appName":"sb-aslan-kafka-template","appCode":"RRRR"}
{"timestamp":"2021-07-25T03:35:17.766Z","appMessage":"Initializing Spring embedded WebApplicationContext","class":"org.apache.catalina.core.ContainerBase.[Tomcat].[localhost].[/]","thread":"restartedMain","level":"INFO","appName":"sb-aslan-kafka-template","appCode":"RRRR"}
{"timestamp":"2021-07-25T03:35:17.767Z","appMessage":"Root WebApplicationContext: initialization completed in 477 ms","class":"org.springframework.boot.web.servlet.context.ServletWebServerApplicationContext","thread":"restartedMain","level":"INFO","appName":"sb-aslan-kafka-template","appCode":"RRRR"}
{"timestamp":"2021-07-25T03:35:17.817Z","appMessage":"Mapping filters: filterRegistrationBean urls=[/*] order=-2147483647, characterEncodingFilter urls=[/*] order=-2147483648, formContentFilter urls=[/*] order=-9900, requestContextFilter urls=[/*] order=-105","class":"org.springframework.boot.web.servlet.ServletContextInitializerBeans","thread":"restartedMain","level":"DEBUG","appName":"sb-aslan-kafka-template","appCode":"RRRR"}
{"timestamp":"2021-07-25T03:35:17.818Z","appMessage":"Mapping servlets: dispatcherServlet urls=[/]","class":"org.springframework.boot.web.servlet.ServletContextInitializerBeans","thread":"restartedMain","level":"DEBUG","appName":"sb-aslan-kafka-template","appCode":"RRRR"}
{"timestamp":"2021-07-25T03:35:17.923Z","appMessage":"ControllerAdvice beans: 0 @ModelAttribute, 0 @InitBinder, 1 RequestBodyAdvice, 1 ResponseBodyAdvice","class":"org.springframework.web.servlet.mvc.method.annotation.RequestMappingHandlerAdapter","thread":"restartedMain","level":"DEBUG","appName":"sb-aslan-kafka-template","appCode":"RRRR"}
{"timestamp":"2021-07-25T03:35:17.932Z","appMessage":"6 mappings in 'requestMappingHandlerMapping'","class":"org.springframework.web.servlet.mvc.method.annotation.RequestMappingHandlerMapping","thread":"restartedMain","level":"DEBUG","appName":"sb-aslan-kafka-template","appCode":"RRRR"}
{"timestamp":"2021-07-25T03:35:17.938Z","appMessage":"Adding welcome page template: index","class":"org.springframework.boot.autoconfigure.web.servlet.WelcomePageHandlerMapping","thread":"restartedMain","level":"INFO","appName":"sb-aslan-kafka-template","appCode":"RRRR"}
{"timestamp":"2021-07-25T03:35:17.947Z","appMessage":"Patterns [/webjars/**, /**] in 'resourceHandlerMapping'","class":"org.springframework.web.servlet.handler.SimpleUrlHandlerMapping","thread":"restartedMain","level":"DEBUG","appName":"sb-aslan-kafka-template","appCode":"RRRR"}
{"timestamp":"2021-07-25T03:35:17.959Z","appMessage":"ControllerAdvice beans: 0 @ExceptionHandler, 1 ResponseBodyAdvice","class":"org.springframework.web.servlet.mvc.method.annotation.ExceptionHandlerExceptionResolver","thread":"restartedMain","level":"DEBUG","appName":"sb-aslan-kafka-template","appCode":"RRRR"}
{"timestamp":"2021-07-25T03:35:18.062Z","appMessage":"LiveReload server is running on port 35729","class":"org.springframework.boot.devtools.autoconfigure.OptionalLiveReloadServer","thread":"restartedMain","level":"INFO","appName":"sb-aslan-kafka-template","appCode":"RRRR"}
{"timestamp":"2021-07-25T03:35:18.067Z","appMessage":"Exposing 13 endpoint(s) beneath base path ''","class":"org.springframework.boot.actuate.endpoint.web.EndpointLinksResolver","thread":"restartedMain","level":"INFO","appName":"sb-aslan-kafka-template","appCode":"RRRR"}
{"timestamp":"2021-07-25T03:35:18.085Z","appMessage":"Starting ProtocolHandler [\"http-nio-8080\"]","class":"org.apache.coyote.http11.Http11NioProtocol","thread":"restartedMain","level":"INFO","appName":"sb-aslan-kafka-template","appCode":"RRRR"}
{"timestamp":"2021-07-25T03:35:18.089Z","appMessage":"Tomcat started on port(s): 8080 (http) with context path ''","class":"org.springframework.boot.web.embedded.tomcat.TomcatWebServer","thread":"restartedMain","level":"INFO","appName":"sb-aslan-kafka-template","appCode":"RRRR"}
{"timestamp":"2021-07-25T03:35:18.102Z","appMessage":"Started Application in 0.93 seconds (JVM running for 125.714)","class":"com.aslan.kafka.Application","thread":"restartedMain","level":"INFO","appName":"sb-aslan-kafka-template","appCode":"RRRR"}
{"timestamp":"2021-07-25T03:37:21.626Z","appMessage":"Starting Application using Java 1.8.0_202 on Officeroom with PID 17724 (C:\\Users\\Officeroom\\JavaProj\\sb-aslan-kafka-template\\target\\classes started by Officeroom in C:\\Users\\Officeroom\\JavaProj\\sb-aslan-kafka-template)","class":"com.aslan.kafka.Application","thread":"restartedMain","level":"INFO","appName":"sb-aslan-kafka-template","appCode":"RRRR"}
{"timestamp":"2021-07-25T03:37:21.627Z","appMessage":"The following profiles are active: local","class":"com.aslan.kafka.Application","thread":"restartedMain","level":"INFO","appName":"sb-aslan-kafka-template","appCode":"RRRR"}
{"timestamp":"2021-07-25T03:37:22.212Z","appMessage":"Tomcat initialized with port(s): 8080 (http)","class":"org.springframework.boot.web.embedded.tomcat.TomcatWebServer","thread":"restartedMain","level":"INFO","appName":"sb-aslan-kafka-template","appCode":"RRRR"}
{"timestamp":"2021-07-25T03:37:22.213Z","appMessage":"Initializing ProtocolHandler [\"http-nio-8080\"]","class":"org.apache.coyote.http11.Http11NioProtocol","thread":"restartedMain","level":"INFO","appName":"sb-aslan-kafka-template","appCode":"RRRR"}
{"timestamp":"2021-07-25T03:37:22.213Z","appMessage":"Starting service [Tomcat]","class":"org.apache.catalina.core.StandardService","thread":"restartedMain","level":"INFO","appName":"sb-aslan-kafka-template","appCode":"RRRR"}
{"timestamp":"2021-07-25T03:37:22.214Z","appMessage":"Starting Servlet engine: [Apache Tomcat/9.0.48]","class":"org.apache.catalina.core.StandardEngine","thread":"restartedMain","level":"INFO","appName":"sb-aslan-kafka-template","appCode":"RRRR"}
{"timestamp":"2021-07-25T03:37:22.252Z","appMessage":"Initializing Spring embedded WebApplicationContext","class":"org.apache.catalina.core.ContainerBase.[Tomcat].[localhost].[/]","thread":"restartedMain","level":"INFO","appName":"sb-aslan-kafka-template","appCode":"RRRR"}
{"timestamp":"2021-07-25T03:37:22.253Z","appMessage":"Root WebApplicationContext: initialization completed in 623 ms","class":"org.springframework.boot.web.servlet.context.ServletWebServerApplicationContext","thread":"restartedMain","level":"INFO","appName":"sb-aslan-kafka-template","appCode":"RRRR"}
{"timestamp":"2021-07-25T03:37:22.291Z","appMessage":"Mapping filters: filterRegistrationBean urls=[/*] order=-2147483647, characterEncodingFilter urls=[/*] order=-2147483648, formContentFilter urls=[/*] order=-9900, requestContextFilter urls=[/*] order=-105","class":"org.springframework.boot.web.servlet.ServletContextInitializerBeans","thread":"restartedMain","level":"DEBUG","appName":"sb-aslan-kafka-template","appCode":"RRRR"}
{"timestamp":"2021-07-25T03:37:22.292Z","appMessage":"Mapping servlets: dispatcherServlet urls=[/]","class":"org.springframework.boot.web.servlet.ServletContextInitializerBeans","thread":"restartedMain","level":"DEBUG","appName":"sb-aslan-kafka-template","appCode":"RRRR"}
{"timestamp":"2021-07-25T03:37:22.371Z","appMessage":"ControllerAdvice beans: 0 @ModelAttribute, 0 @InitBinder, 1 RequestBodyAdvice, 1 ResponseBodyAdvice","class":"org.springframework.web.servlet.mvc.method.annotation.RequestMappingHandlerAdapter","thread":"restartedMain","level":"DEBUG","appName":"sb-aslan-kafka-template","appCode":"RRRR"}
{"timestamp":"2021-07-25T03:37:22.379Z","appMessage":"6 mappings in 'requestMappingHandlerMapping'","class":"org.springframework.web.servlet.mvc.method.annotation.RequestMappingHandlerMapping","thread":"restartedMain","level":"DEBUG","appName":"sb-aslan-kafka-template","appCode":"RRRR"}
{"timestamp":"2021-07-25T03:37:22.386Z","appMessage":"Adding welcome page template: index","class":"org.springframework.boot.autoconfigure.web.servlet.WelcomePageHandlerMapping","thread":"restartedMain","level":"INFO","appName":"sb-aslan-kafka-template","appCode":"RRRR"}
{"timestamp":"2021-07-25T03:37:22.394Z","appMessage":"Patterns [/webjars/**, /**] in 'resourceHandlerMapping'","class":"org.springframework.web.servlet.handler.SimpleUrlHandlerMapping","thread":"restartedMain","level":"DEBUG","appName":"sb-aslan-kafka-template","appCode":"RRRR"}
{"timestamp":"2021-07-25T03:37:22.403Z","appMessage":"ControllerAdvice beans: 0 @ExceptionHandler, 1 ResponseBodyAdvice","class":"org.springframework.web.servlet.mvc.method.annotation.ExceptionHandlerExceptionResolver","thread":"restartedMain","level":"DEBUG","appName":"sb-aslan-kafka-template","appCode":"RRRR"}
{"timestamp":"2021-07-25T03:37:22.496Z","appMessage":"LiveReload server is running on port 35729","class":"org.springframework.boot.devtools.autoconfigure.OptionalLiveReloadServer","thread":"restartedMain","level":"INFO","appName":"sb-aslan-kafka-template","appCode":"RRRR"}
{"timestamp":"2021-07-25T03:37:22.502Z","appMessage":"Exposing 13 endpoint(s) beneath base path ''","class":"org.springframework.boot.actuate.endpoint.web.EndpointLinksResolver","thread":"restartedMain","level":"INFO","appName":"sb-aslan-kafka-template","appCode":"RRRR"}
{"timestamp":"2021-07-25T03:37:22.597Z","appMessage":"ConsumerConfig values: \r\n\tallow.auto.create.topics = true\r\n\tauto.commit.interval.ms = 5000\r\n\tauto.offset.reset = latest\r\n\tbootstrap.servers = [127.0.0.1:9092]\r\n\tcheck.crcs = true\r\n\tclient.dns.lookup = use_all_dns_ips\r\n\tclient.id = consumer-group_json-1\r\n\tclient.rack = \r\n\tconnections.max.idle.ms = 540000\r\n\tdefault.api.timeout.ms = 60000\r\n\tenable.auto.commit = false\r\n\texclude.internal.topics = true\r\n\tfetch.max.bytes = 52428800\r\n\tfetch.max.wait.ms = 500\r\n\tfetch.min.bytes = 1\r\n\tgroup.id = group_json\r\n\tgroup.instance.id = null\r\n\theartbeat.interval.ms = 3000\r\n\tinterceptor.classes = []\r\n\tinternal.leave.group.on.close = true\r\n\tinternal.throw.on.fetch.stable.offset.unsupported = false\r\n\tisolation.level = read_uncommitted\r\n\tkey.deserializer = class org.apache.kafka.common.serialization.StringDeserializer\r\n\tmax.partition.fetch.bytes = 1048576\r\n\tmax.poll.interval.ms = 300000\r\n\tmax.poll.records = 500\r\n\tmetadata.max.age.ms = 300000\r\n\tmetric.reporters = []\r\n\tmetrics.num.samples = 2\r\n\tmetrics.recording.level = INFO\r\n\tmetrics.sample.window.ms = 30000\r\n\tpartition.assignment.strategy = [class org.apache.kafka.clients.consumer.RangeAssignor]\r\n\treceive.buffer.bytes = 65536\r\n\treconnect.backoff.max.ms = 1000\r\n\treconnect.backoff.ms = 50\r\n\trequest.timeout.ms = 30000\r\n\tretry.backoff.ms = 100\r\n\tsasl.client.callback.handler.class = null\r\n\tsasl.jaas.config = null\r\n\tsasl.kerberos.kinit.cmd = /usr/bin/kinit\r\n\tsasl.kerberos.min.time.before.relogin = 60000\r\n\tsasl.kerberos.service.name = null\r\n\tsasl.kerberos.ticket.renew.jitter = 0.05\r\n\tsasl.kerberos.ticket.renew.window.factor = 0.8\r\n\tsasl.login.callback.handler.class = null\r\n\tsasl.login.class = null\r\n\tsasl.login.refresh.buffer.seconds = 300\r\n\tsasl.login.refresh.min.period.seconds = 60\r\n\tsasl.login.refresh.window.factor = 0.8\r\n\tsasl.login.refresh.window.jitter = 0.05\r\n\tsasl.mechanism = GSSAPI\r\n\tsecurity.protocol = PLAINTEXT\r\n\tsecurity.providers = null\r\n\tsend.buffer.bytes = 131072\r\n\tsession.timeout.ms = 10000\r\n\tsocket.connection.setup.timeout.max.ms = 127000\r\n\tsocket.connection.setup.timeout.ms = 10000\r\n\tssl.cipher.suites = null\r\n\tssl.enabled.protocols = [TLSv1.2]\r\n\tssl.endpoint.identification.algorithm = https\r\n\tssl.engine.factory.class = null\r\n\tssl.key.password = null\r\n\tssl.keymanager.algorithm = SunX509\r\n\tssl.keystore.certificate.chain = null\r\n\tssl.keystore.key = null\r\n\tssl.keystore.location = null\r\n\tssl.keystore.password = null\r\n\tssl.keystore.type = JKS\r\n\tssl.protocol = TLSv1.2\r\n\tssl.provider = null\r\n\tssl.secure.random.implementation = null\r\n\tssl.trustmanager.algorithm = PKIX\r\n\tssl.truststore.certificates = null\r\n\tssl.truststore.location = null\r\n\tssl.truststore.password = null\r\n\tssl.truststore.type = JKS\r\n\tvalue.deserializer = class org.springframework.kafka.support.serializer.JsonDeserializer\r\n","class":"org.apache.kafka.clients.consumer.ConsumerConfig","thread":"restartedMain","level":"INFO","appName":"sb-aslan-kafka-template","appCode":"RRRR"}
{"timestamp":"2021-07-25T03:37:22.680Z","appMessage":"Kafka version: 2.7.1","class":"org.apache.kafka.common.utils.AppInfoParser","thread":"restartedMain","level":"INFO","appName":"sb-aslan-kafka-template","appCode":"RRRR"}
{"timestamp":"2021-07-25T03:37:22.682Z","appMessage":"Kafka commitId: 61dbce85d0d41457","class":"org.apache.kafka.common.utils.AppInfoParser","thread":"restartedMain","level":"INFO","appName":"sb-aslan-kafka-template","appCode":"RRRR"}
{"timestamp":"2021-07-25T03:37:22.682Z","appMessage":"Kafka startTimeMs: 1627184242678","class":"org.apache.kafka.common.utils.AppInfoParser","thread":"restartedMain","level":"INFO","appName":"sb-aslan-kafka-template","appCode":"RRRR"}
{"timestamp":"2021-07-25T03:37:22.686Z","appMessage":"[Consumer clientId=consumer-group_json-1, groupId=group_json] Subscribed to topic(s): customer-topic-1","class":"org.apache.kafka.clients.consumer.KafkaConsumer","thread":"restartedMain","level":"INFO","appName":"sb-aslan-kafka-template","appCode":"RRRR"}
{"timestamp":"2021-07-25T03:37:22.700Z","appMessage":"Starting ProtocolHandler [\"http-nio-8080\"]","class":"org.apache.coyote.http11.Http11NioProtocol","thread":"restartedMain","level":"INFO","appName":"sb-aslan-kafka-template","appCode":"RRRR"}
{"timestamp":"2021-07-25T03:37:22.705Z","appMessage":"Tomcat started on port(s): 8080 (http) with context path ''","class":"org.springframework.boot.web.embedded.tomcat.TomcatWebServer","thread":"restartedMain","level":"INFO","appName":"sb-aslan-kafka-template","appCode":"RRRR"}
{"timestamp":"2021-07-25T03:37:22.720Z","appMessage":"Started Application in 1.169 seconds (JVM running for 250.332)","class":"com.aslan.kafka.Application","thread":"restartedMain","level":"INFO","appName":"sb-aslan-kafka-template","appCode":"RRRR"}
{"timestamp":"2021-07-25T03:37:23.975Z","appMessage":"[Consumer clientId=consumer-group_json-1, groupId=group_json] Connection to node -1 (/127.0.0.1:9092) could not be established. Broker may not be available.","class":"org.apache.kafka.clients.NetworkClient","thread":"org.springframework.kafka.KafkaListenerEndpointContainer#0-0-C-1","level":"WARN","appName":"sb-aslan-kafka-template","appCode":"RRRR"}
{"timestamp":"2021-07-25T03:37:23.977Z","appMessage":"[Consumer clientId=consumer-group_json-1, groupId=group_json] Bootstrap broker 127.0.0.1:9092 (id: -1 rack: null) disconnected","class":"org.apache.kafka.clients.NetworkClient","thread":"org.springframework.kafka.KafkaListenerEndpointContainer#0-0-C-1","level":"WARN","appName":"sb-aslan-kafka-template","appCode":"RRRR"}
{"timestamp":"2021-07-25T03:37:25.080Z","appMessage":"[Consumer clientId=consumer-group_json-1, groupId=group_json] Connection to node -1 (/127.0.0.1:9092) could not be established. Broker may not be available.","class":"org.apache.kafka.clients.NetworkClient","thread":"org.springframework.kafka.KafkaListenerEndpointContainer#0-0-C-1","level":"WARN","appName":"sb-aslan-kafka-template","appCode":"RRRR"}
{"timestamp":"2021-07-25T03:37:25.081Z","appMessage":"[Consumer clientId=consumer-group_json-1, groupId=group_json] Bootstrap broker 127.0.0.1:9092 (id: -1 rack: null) disconnected","class":"org.apache.kafka.clients.NetworkClient","thread":"org.springframework.kafka.KafkaListenerEndpointContainer#0-0-C-1","level":"WARN","appName":"sb-aslan-kafka-template","appCode":"RRRR"}
{"timestamp":"2021-07-25T03:37:26.234Z","appMessage":"[Consumer clientId=consumer-group_json-1, groupId=group_json] Connection to node -1 (/127.0.0.1:9092) could not be established. Broker may not be available.","class":"org.apache.kafka.clients.NetworkClient","thread":"org.springframework.kafka.KafkaListenerEndpointContainer#0-0-C-1","level":"WARN","appName":"sb-aslan-kafka-template","appCode":"RRRR"}
{"timestamp":"2021-07-25T03:37:26.235Z","appMessage":"[Consumer clientId=consumer-group_json-1, groupId=group_json] Bootstrap broker 127.0.0.1:9092 (id: -1 rack: null) disconnected","class":"org.apache.kafka.clients.NetworkClient","thread":"org.springframework.kafka.KafkaListenerEndpointContainer#0-0-C-1","level":"WARN","appName":"sb-aslan-kafka-template","appCode":"RRRR"}
{"timestamp":"2021-07-25T03:37:27.450Z","appMessage":"[Consumer clientId=consumer-group_json-1, groupId=group_json] Connection to node -1 (/127.0.0.1:9092) could not be established. Broker may not be available.","class":"org.apache.kafka.clients.NetworkClient","thread":"org.springframework.kafka.KafkaListenerEndpointContainer#0-0-C-1","level":"WARN","appName":"sb-aslan-kafka-template","appCode":"RRRR"}
{"timestamp":"2021-07-25T03:37:27.452Z","appMessage":"[Consumer clientId=consumer-group_json-1, groupId=group_json] Bootstrap broker 127.0.0.1:9092 (id: -1 rack: null) disconnected","class":"org.apache.kafka.clients.NetworkClient","thread":"org.springframework.kafka.KafkaListenerEndpointContainer#0-0-C-1","level":"WARN","appName":"sb-aslan-kafka-template","appCode":"RRRR"}
{"timestamp":"2021-07-25T03:37:28.915Z","appMessage":"[Consumer clientId=consumer-group_json-1, groupId=group_json] Connection to node -1 (/127.0.0.1:9092) could not be established. Broker may not be available.","class":"org.apache.kafka.clients.NetworkClient","thread":"org.springframework.kafka.KafkaListenerEndpointContainer#0-0-C-1","level":"WARN","appName":"sb-aslan-kafka-template","appCode":"RRRR"}
{"timestamp":"2021-07-25T03:37:28.919Z","appMessage":"[Consumer clientId=consumer-group_json-1, groupId=group_json] Bootstrap broker 127.0.0.1:9092 (id: -1 rack: null) disconnected","class":"org.apache.kafka.clients.NetworkClient","thread":"org.springframework.kafka.KafkaListenerEndpointContainer#0-0-C-1","level":"WARN","appName":"sb-aslan-kafka-template","appCode":"RRRR"}
{"timestamp":"2021-07-25T03:37:30.785Z","appMessage":"[Consumer clientId=consumer-group_json-1, groupId=group_json] Connection to node -1 (/127.0.0.1:9092) could not be established. Broker may not be available.","class":"org.apache.kafka.clients.NetworkClient","thread":"org.springframework.kafka.KafkaListenerEndpointContainer#0-0-C-1","level":"WARN","appName":"sb-aslan-kafka-template","appCode":"RRRR"}
{"timestamp":"2021-07-25T03:37:30.786Z","appMessage":"[Consumer clientId=consumer-group_json-1, groupId=group_json] Bootstrap broker 127.0.0.1:9092 (id: -1 rack: null) disconnected","class":"org.apache.kafka.clients.NetworkClient","thread":"org.springframework.kafka.KafkaListenerEndpointContainer#0-0-C-1","level":"WARN","appName":"sb-aslan-kafka-template","appCode":"RRRR"}
{"timestamp":"2021-07-25T03:37:32.909Z","appMessage":"[Consumer clientId=consumer-group_json-1, groupId=group_json] Connection to node -1 (/127.0.0.1:9092) could not be established. Broker may not be available.","class":"org.apache.kafka.clients.NetworkClient","thread":"org.springframework.kafka.KafkaListenerEndpointContainer#0-0-C-1","level":"WARN","appName":"sb-aslan-kafka-template","appCode":"RRRR"}
{"timestamp":"2021-07-25T03:37:32.910Z","appMessage":"[Consumer clientId=consumer-group_json-1, groupId=group_json] Bootstrap broker 127.0.0.1:9092 (id: -1 rack: null) disconnected","class":"org.apache.kafka.clients.NetworkClient","thread":"org.springframework.kafka.KafkaListenerEndpointContainer#0-0-C-1","level":"WARN","appName":"sb-aslan-kafka-template","appCode":"RRRR"}
{"timestamp":"2021-07-25T03:37:34.930Z","appMessage":"[Consumer clientId=consumer-group_json-1, groupId=group_json] Connection to node -1 (/127.0.0.1:9092) could not be established. Broker may not be available.","class":"org.apache.kafka.clients.NetworkClient","thread":"org.springframework.kafka.KafkaListenerEndpointContainer#0-0-C-1","level":"WARN","appName":"sb-aslan-kafka-template","appCode":"RRRR"}
{"timestamp":"2021-07-25T03:37:34.931Z","appMessage":"[Consumer clientId=consumer-group_json-1, groupId=group_json] Bootstrap broker 127.0.0.1:9092 (id: -1 rack: null) disconnected","class":"org.apache.kafka.clients.NetworkClient","thread":"org.springframework.kafka.KafkaListenerEndpointContainer#0-0-C-1","level":"WARN","appName":"sb-aslan-kafka-template","appCode":"RRRR"}
{"timestamp":"2021-07-25T03:37:37.151Z","appMessage":"[Consumer clientId=consumer-group_json-1, groupId=group_json] Connection to node -1 (/127.0.0.1:9092) could not be established. Broker may not be available.","class":"org.apache.kafka.clients.NetworkClient","thread":"org.springframework.kafka.KafkaListenerEndpointContainer#0-0-C-1","level":"WARN","appName":"sb-aslan-kafka-template","appCode":"RRRR"}
{"timestamp":"2021-07-25T03:37:37.152Z","appMessage":"[Consumer clientId=consumer-group_json-1, groupId=group_json] Bootstrap broker 127.0.0.1:9092 (id: -1 rack: null) disconnected","class":"org.apache.kafka.clients.NetworkClient","thread":"org.springframework.kafka.KafkaListenerEndpointContainer#0-0-C-1","level":"WARN","appName":"sb-aslan-kafka-template","appCode":"RRRR"}
{"timestamp":"2021-07-25T03:37:37.759Z","appMessage":"[Consumer clientId=consumer-group_json-1, groupId=group_json] Unsubscribed all topics or patterns and assigned partitions","class":"org.apache.kafka.clients.consumer.KafkaConsumer","thread":"org.springframework.kafka.KafkaListenerEndpointContainer#0-0-C-1","level":"INFO","appName":"sb-aslan-kafka-template","appCode":"RRRR"}
{"timestamp":"2021-07-25T03:37:37.761Z","appMessage":"Metrics scheduler closed","class":"org.apache.kafka.common.metrics.Metrics","thread":"org.springframework.kafka.KafkaListenerEndpointContainer#0-0-C-1","level":"INFO","appName":"sb-aslan-kafka-template","appCode":"RRRR"}
{"timestamp":"2021-07-25T03:37:37.763Z","appMessage":"Closing reporter org.apache.kafka.common.metrics.JmxReporter","class":"org.apache.kafka.common.metrics.Metrics","thread":"org.springframework.kafka.KafkaListenerEndpointContainer#0-0-C-1","level":"INFO","appName":"sb-aslan-kafka-template","appCode":"RRRR"}
{"timestamp":"2021-07-25T03:37:37.775Z","appMessage":"Metrics reporters closed","class":"org.apache.kafka.common.metrics.Metrics","thread":"org.springframework.kafka.KafkaListenerEndpointContainer#0-0-C-1","level":"INFO","appName":"sb-aslan-kafka-template","appCode":"RRRR"}
{"timestamp":"2021-07-25T03:37:37.781Z","appMessage":"App info kafka.consumer for consumer-group_json-1 unregistered","class":"org.apache.kafka.common.utils.AppInfoParser","thread":"org.springframework.kafka.KafkaListenerEndpointContainer#0-0-C-1","level":"INFO","appName":"sb-aslan-kafka-template","appCode":"RRRR"}
{"timestamp":"2021-07-25T03:37:37.794Z","appMessage":"group_json: Consumer stopped","class":"org.springframework.kafka.listener.KafkaMessageListenerContainer$ListenerConsumer","thread":"org.springframework.kafka.KafkaListenerEndpointContainer#0-0-C-1","level":"INFO","appName":"sb-aslan-kafka-template","appCode":"RRRR"}
{"timestamp":"2021-07-25T03:38:51.590Z","appMessage":"Starting Application using Java 1.8.0_202 on Officeroom with PID 40760 (C:\\Users\\Officeroom\\JavaProj\\sb-aslan-kafka-template\\target\\classes started by Officeroom in C:\\Users\\Officeroom\\JavaProj\\sb-aslan-kafka-template)","class":"com.aslan.kafka.Application","thread":"restartedMain","level":"INFO","appName":"sb-aslan-kafka-template","appCode":"RRRR"}
{"timestamp":"2021-07-25T03:38:51.603Z","appMessage":"The following profiles are active: local","class":"com.aslan.kafka.Application","thread":"restartedMain","level":"INFO","appName":"sb-aslan-kafka-template","appCode":"RRRR"}
{"timestamp":"2021-07-25T03:38:51.660Z","appMessage":"Devtools property defaults active! Set 'spring.devtools.add-properties' to 'false' to disable","class":"org.springframework.boot.devtools.env.DevToolsPropertyDefaultsPostProcessor","thread":"restartedMain","level":"INFO","appName":"sb-aslan-kafka-template","appCode":"RRRR"}
{"timestamp":"2021-07-25T03:38:53.447Z","appMessage":"Tomcat initialized with port(s): 8080 (http)","class":"org.springframework.boot.web.embedded.tomcat.TomcatWebServer","thread":"restartedMain","level":"INFO","appName":"sb-aslan-kafka-template","appCode":"RRRR"}
{"timestamp":"2021-07-25T03:38:53.458Z","appMessage":"Initializing ProtocolHandler [\"http-nio-8080\"]","class":"org.apache.coyote.http11.Http11NioProtocol","thread":"restartedMain","level":"INFO","appName":"sb-aslan-kafka-template","appCode":"RRRR"}
{"timestamp":"2021-07-25T03:38:53.459Z","appMessage":"Starting service [Tomcat]","class":"org.apache.catalina.core.StandardService","thread":"restartedMain","level":"INFO","appName":"sb-aslan-kafka-template","appCode":"RRRR"}
{"timestamp":"2021-07-25T03:38:53.460Z","appMessage":"Starting Servlet engine: [Apache Tomcat/9.0.48]","class":"org.apache.catalina.core.StandardEngine","thread":"restartedMain","level":"INFO","appName":"sb-aslan-kafka-template","appCode":"RRRR"}
{"timestamp":"2021-07-25T03:38:53.637Z","appMessage":"Initializing Spring embedded WebApplicationContext","class":"org.apache.catalina.core.ContainerBase.[Tomcat].[localhost].[/]","thread":"restartedMain","level":"INFO","appName":"sb-aslan-kafka-template","appCode":"RRRR"}
{"timestamp":"2021-07-25T03:38:53.638Z","appMessage":"Root WebApplicationContext: initialization completed in 1977 ms","class":"org.springframework.boot.web.servlet.context.ServletWebServerApplicationContext","thread":"restartedMain","level":"INFO","appName":"sb-aslan-kafka-template","appCode":"RRRR"}
{"timestamp":"2021-07-25T03:38:53.891Z","appMessage":"Mapping filters: filterRegistrationBean urls=[/*] order=-2147483647, characterEncodingFilter urls=[/*] order=-2147483648, formContentFilter urls=[/*] order=-9900, requestContextFilter urls=[/*] order=-105","class":"org.springframework.boot.web.servlet.ServletContextInitializerBeans","thread":"restartedMain","level":"DEBUG","appName":"sb-aslan-kafka-template","appCode":"RRRR"}
{"timestamp":"2021-07-25T03:38:53.892Z","appMessage":"Mapping servlets: dispatcherServlet urls=[/]","class":"org.springframework.boot.web.servlet.ServletContextInitializerBeans","thread":"restartedMain","level":"DEBUG","appName":"sb-aslan-kafka-template","appCode":"RRRR"}
{"timestamp":"2021-07-25T03:38:54.244Z","appMessage":"ControllerAdvice beans: 0 @ModelAttribute, 0 @InitBinder, 1 RequestBodyAdvice, 1 ResponseBodyAdvice","class":"org.springframework.web.servlet.mvc.method.annotation.RequestMappingHandlerAdapter","thread":"restartedMain","level":"DEBUG","appName":"sb-aslan-kafka-template","appCode":"RRRR"}
{"timestamp":"2021-07-25T03:38:54.314Z","appMessage":"6 mappings in 'requestMappingHandlerMapping'","class":"org.springframework.web.servlet.mvc.method.annotation.RequestMappingHandlerMapping","thread":"restartedMain","level":"DEBUG","appName":"sb-aslan-kafka-template","appCode":"RRRR"}
{"timestamp":"2021-07-25T03:38:54.322Z","appMessage":"Adding welcome page template: index","class":"org.springframework.boot.autoconfigure.web.servlet.WelcomePageHandlerMapping","thread":"restartedMain","level":"INFO","appName":"sb-aslan-kafka-template","appCode":"RRRR"}
{"timestamp":"2021-07-25T03:38:54.354Z","appMessage":"Patterns [/webjars/**, /**] in 'resourceHandlerMapping'","class":"org.springframework.web.servlet.handler.SimpleUrlHandlerMapping","thread":"restartedMain","level":"DEBUG","appName":"sb-aslan-kafka-template","appCode":"RRRR"}
{"timestamp":"2021-07-25T03:38:54.367Z","appMessage":"ControllerAdvice beans: 0 @ExceptionHandler, 1 ResponseBodyAdvice","class":"org.springframework.web.servlet.mvc.method.annotation.ExceptionHandlerExceptionResolver","thread":"restartedMain","level":"DEBUG","appName":"sb-aslan-kafka-template","appCode":"RRRR"}
{"timestamp":"2021-07-25T03:38:54.689Z","appMessage":"LiveReload server is running on port 35729","class":"org.springframework.boot.devtools.autoconfigure.OptionalLiveReloadServer","thread":"restartedMain","level":"INFO","appName":"sb-aslan-kafka-template","appCode":"RRRR"}
{"timestamp":"2021-07-25T03:38:54.697Z","appMessage":"Exposing 13 endpoint(s) beneath base path ''","class":"org.springframework.boot.actuate.endpoint.web.EndpointLinksResolver","thread":"restartedMain","level":"INFO","appName":"sb-aslan-kafka-template","appCode":"RRRR"}
{"timestamp":"2021-07-25T03:38:54.735Z","appMessage":"Starting ProtocolHandler [\"http-nio-8080\"]","class":"org.apache.coyote.http11.Http11NioProtocol","thread":"restartedMain","level":"INFO","appName":"sb-aslan-kafka-template","appCode":"RRRR"}
{"timestamp":"2021-07-25T03:38:54.772Z","appMessage":"Tomcat started on port(s): 8080 (http) with context path ''","class":"org.springframework.boot.web.embedded.tomcat.TomcatWebServer","thread":"restartedMain","level":"INFO","appName":"sb-aslan-kafka-template","appCode":"RRRR"}
{"timestamp":"2021-07-25T03:38:54.794Z","appMessage":"Started Application in 4.684 seconds (JVM running for 5.649)","class":"com.aslan.kafka.Application","thread":"restartedMain","level":"INFO","appName":"sb-aslan-kafka-template","appCode":"RRRR"}
